# Logfile created on 2014-03-07 10:15:14 +0100 by logger.rb/44203
I, [2014-03-07T10:15:14.210377 #55227]  INFO -- : 0:  rake (10.1.1) from /Users/busiq/.rvm/gems/ruby-2.1.0/specifications/rake-10.1.1.gemspec
I, [2014-03-07T10:15:14.210787 #55227]  INFO -- : 0:  i18n (0.6.9) from /Users/busiq/.rvm/gems/ruby-2.1.0/specifications/i18n-0.6.9.gemspec
I, [2014-03-07T10:15:14.211198 #55227]  INFO -- : 0:  minitest (4.7.5) from /Users/busiq/.rvm/rubies/ruby-2.1.0/lib/ruby/gems/2.1.0/specifications/default/minitest-4.7.5.gemspec
I, [2014-03-07T10:15:14.211516 #55227]  INFO -- : 0:  multi_json (1.9.0) from /Users/busiq/.rvm/gems/ruby-2.1.0/specifications/multi_json-1.9.0.gemspec
I, [2014-03-07T10:15:14.211813 #55227]  INFO -- : 0:  atomic (1.1.15) from /Users/busiq/.rvm/gems/ruby-2.1.0/specifications/atomic-1.1.15.gemspec
I, [2014-03-07T10:15:14.212096 #55227]  INFO -- : 0:  thread_safe (0.2.0) from /Users/busiq/.rvm/gems/ruby-2.1.0/specifications/thread_safe-0.2.0.gemspec
I, [2014-03-07T10:15:14.212379 #55227]  INFO -- : 0:  tzinfo (0.3.38) from /Users/busiq/.rvm/gems/ruby-2.1.0/specifications/tzinfo-0.3.38.gemspec
I, [2014-03-07T10:15:14.212671 #55227]  INFO -- : 0:  activesupport (4.0.3) from /Users/busiq/.rvm/gems/ruby-2.1.0/specifications/activesupport-4.0.3.gemspec
I, [2014-03-07T10:15:14.212949 #55227]  INFO -- : 0:  coderay (1.1.0) from /Users/busiq/.rvm/gems/ruby-2.1.0/specifications/coderay-1.1.0.gemspec
I, [2014-03-07T10:15:16.489633 #55227]  INFO -- : 0:  jbuilder (2.0.4) from /Users/busiq/.rvm/gems/ruby-2.1.0/specifications/jbuilder-2.0.4.gemspec
I, [2014-03-07T10:15:16.490123 #55227]  INFO -- : 0:  json (1.8.1) from /Users/busiq/.rvm/rubies/ruby-2.1.0/lib/ruby/gems/2.1.0/specifications/default/json-1.8.1.gemspec
I, [2014-03-07T10:15:16.551574 #55227]  INFO -- : 0:  endpoint_base (0.1.1) from /Users/busiq/.rvm/gems/ruby-2.1.0/bundler/gems/endpoint_base-39db55f1e844/endpoint_base.gemspec
I, [2014-03-07T10:15:16.552019 #55227]  INFO -- : 0:  method_source (0.8.2) from /Users/busiq/.rvm/gems/ruby-2.1.0/specifications/method_source-0.8.2.gemspec
I, [2014-03-07T10:15:16.552333 #55227]  INFO -- : 0:  slop (3.4.7) from /Users/busiq/.rvm/gems/ruby-2.1.0/specifications/slop-3.4.7.gemspec
I, [2014-03-07T10:15:16.552645 #55227]  INFO -- : 0:  pry (0.9.12.6) from /Users/busiq/.rvm/gems/ruby-2.1.0/specifications/pry-0.9.12.6.gemspec
I, [2014-03-07T10:15:16.552952 #55227]  INFO -- : 0:  rack (1.5.2) from /Users/busiq/.rvm/gems/ruby-2.1.0/specifications/rack-1.5.2.gemspec
I, [2014-03-07T10:15:16.553276 #55227]  INFO -- : 0:  rack-protection (1.5.2) from /Users/busiq/.rvm/gems/ruby-2.1.0/specifications/rack-protection-1.5.2.gemspec
I, [2014-03-07T10:15:16.553567 #55227]  INFO -- : 0:  tilt (1.4.1) from /Users/busiq/.rvm/gems/ruby-2.1.0/specifications/tilt-1.4.1.gemspec
I, [2014-03-07T10:15:16.553853 #55227]  INFO -- : 0:  sinatra (1.4.4) from /Users/busiq/.rvm/gems/ruby-2.1.0/specifications/sinatra-1.4.4.gemspec
I, [2014-03-07T10:15:16.554119 #55227]  INFO -- : 0:  tilt-jbuilder (0.5.3) from /Users/busiq/.rvm/gems/ruby-2.1.0/specifications/tilt-jbuilder-0.5.3.gemspec
I, [2014-03-07T10:15:16.554377 #55227]  INFO -- : 0:  bundler (1.5.1) from /Users/busiq/.rvm/gems/ruby-2.1.0@global/specifications/bundler-1.5.1.gemspec
I, [2014-03-07T10:19:31.982627 #55287]  INFO -- : 0:  rake (10.1.1) from /Users/busiq/.rvm/gems/ruby-2.1.0/specifications/rake-10.1.1.gemspec
I, [2014-03-07T10:19:31.983561 #55287]  INFO -- : 0:  i18n (0.6.9) from /Users/busiq/.rvm/gems/ruby-2.1.0/specifications/i18n-0.6.9.gemspec
I, [2014-03-07T10:19:31.983944 #55287]  INFO -- : 0:  minitest (4.7.5) from /Users/busiq/.rvm/rubies/ruby-2.1.0/lib/ruby/gems/2.1.0/specifications/default/minitest-4.7.5.gemspec
I, [2014-03-07T10:19:31.984330 #55287]  INFO -- : 0:  multi_json (1.9.0) from /Users/busiq/.rvm/gems/ruby-2.1.0/specifications/multi_json-1.9.0.gemspec
I, [2014-03-07T10:19:31.984668 #55287]  INFO -- : 0:  atomic (1.1.15) from /Users/busiq/.rvm/gems/ruby-2.1.0/specifications/atomic-1.1.15.gemspec
I, [2014-03-07T10:19:31.985003 #55287]  INFO -- : 0:  thread_safe (0.2.0) from /Users/busiq/.rvm/gems/ruby-2.1.0/specifications/thread_safe-0.2.0.gemspec
I, [2014-03-07T10:19:31.985368 #55287]  INFO -- : 0:  tzinfo (0.3.38) from /Users/busiq/.rvm/gems/ruby-2.1.0/specifications/tzinfo-0.3.38.gemspec
I, [2014-03-07T10:19:31.985758 #55287]  INFO -- : 0:  activesupport (4.0.3) from /Users/busiq/.rvm/gems/ruby-2.1.0/specifications/activesupport-4.0.3.gemspec
I, [2014-03-07T10:19:31.986124 #55287]  INFO -- : 0:  addressable (2.3.5) from /Users/busiq/.rvm/gems/ruby-2.1.0/specifications/addressable-2.3.5.gemspec
I, [2014-03-07T10:19:31.986478 #55287]  INFO -- : 0:  coderay (1.1.0) from /Users/busiq/.rvm/gems/ruby-2.1.0/specifications/coderay-1.1.0.gemspec
I, [2014-03-07T10:19:31.986860 #55287]  INFO -- : 0:  safe_yaml (0.9.7) from /Users/busiq/.rvm/gems/ruby-2.1.0/specifications/safe_yaml-0.9.7.gemspec
I, [2014-03-07T10:19:31.987232 #55287]  INFO -- : 0:  crack (0.4.1) from /Users/busiq/.rvm/gems/ruby-2.1.0/specifications/crack-0.4.1.gemspec
I, [2014-03-07T10:19:31.987587 #55287]  INFO -- : 0:  diff-lcs (1.2.5) from /Users/busiq/.rvm/gems/ruby-2.1.0/specifications/diff-lcs-1.2.5.gemspec
I, [2014-03-07T10:19:31.990825 #55287]  INFO -- : 0:  jbuilder (2.0.4) from /Users/busiq/.rvm/gems/ruby-2.1.0/specifications/jbuilder-2.0.4.gemspec
I, [2014-03-07T10:19:31.991277 #55287]  INFO -- : 0:  json (1.8.1) from /Users/busiq/.rvm/rubies/ruby-2.1.0/lib/ruby/gems/2.1.0/specifications/default/json-1.8.1.gemspec
I, [2014-03-07T10:19:32.112691 #55287]  INFO -- : 0:  endpoint_base (0.1.1) from /Users/busiq/.rvm/gems/ruby-2.1.0/bundler/gems/endpoint_base-39db55f1e844/endpoint_base.gemspec
I, [2014-03-07T10:19:32.113222 #55287]  INFO -- : 0:  method_source (0.8.2) from /Users/busiq/.rvm/gems/ruby-2.1.0/specifications/method_source-0.8.2.gemspec
I, [2014-03-07T10:19:32.113593 #55287]  INFO -- : 0:  slop (3.4.7) from /Users/busiq/.rvm/gems/ruby-2.1.0/specifications/slop-3.4.7.gemspec
I, [2014-03-07T10:19:32.113965 #55287]  INFO -- : 0:  pry (0.9.12.6) from /Users/busiq/.rvm/gems/ruby-2.1.0/specifications/pry-0.9.12.6.gemspec
I, [2014-03-07T10:19:32.114279 #55287]  INFO -- : 0:  rack (1.5.2) from /Users/busiq/.rvm/gems/ruby-2.1.0/specifications/rack-1.5.2.gemspec
I, [2014-03-07T10:19:32.114625 #55287]  INFO -- : 0:  rack-protection (1.5.2) from /Users/busiq/.rvm/gems/ruby-2.1.0/specifications/rack-protection-1.5.2.gemspec
I, [2014-03-07T10:19:32.114958 #55287]  INFO -- : 0:  rack-test (0.6.2) from /Users/busiq/.rvm/gems/ruby-2.1.0/specifications/rack-test-0.6.2.gemspec
I, [2014-03-07T10:19:32.115292 #55287]  INFO -- : 0:  rspec-core (2.14.8) from /Users/busiq/.rvm/gems/ruby-2.1.0/specifications/rspec-core-2.14.8.gemspec
I, [2014-03-07T10:19:32.115619 #55287]  INFO -- : 0:  rspec-expectations (2.14.5) from /Users/busiq/.rvm/gems/ruby-2.1.0/specifications/rspec-expectations-2.14.5.gemspec
I, [2014-03-07T10:19:32.115965 #55287]  INFO -- : 0:  rspec-mocks (2.14.6) from /Users/busiq/.rvm/gems/ruby-2.1.0/specifications/rspec-mocks-2.14.6.gemspec
I, [2014-03-07T10:19:32.116284 #55287]  INFO -- : 0:  rspec (2.14.1) from /Users/busiq/.rvm/gems/ruby-2.1.0/specifications/rspec-2.14.1.gemspec
I, [2014-03-07T10:19:32.116616 #55287]  INFO -- : 0:  tilt (1.4.1) from /Users/busiq/.rvm/gems/ruby-2.1.0/specifications/tilt-1.4.1.gemspec
I, [2014-03-07T10:19:32.116947 #55287]  INFO -- : 0:  sinatra (1.4.4) from /Users/busiq/.rvm/gems/ruby-2.1.0/specifications/sinatra-1.4.4.gemspec
I, [2014-03-07T10:19:32.117260 #55287]  INFO -- : 0:  tilt-jbuilder (0.5.3) from /Users/busiq/.rvm/gems/ruby-2.1.0/specifications/tilt-jbuilder-0.5.3.gemspec
I, [2014-03-07T10:19:32.117586 #55287]  INFO -- : 0:  vcr (2.8.0) from /Users/busiq/.rvm/gems/ruby-2.1.0/specifications/vcr-2.8.0.gemspec
I, [2014-03-07T10:19:32.117902 #55287]  INFO -- : 0:  webmock (1.17.1) from /Users/busiq/.rvm/gems/ruby-2.1.0/specifications/webmock-1.17.1.gemspec
I, [2014-03-07T10:19:32.118234 #55287]  INFO -- : 0:  bundler (1.5.1) from /Users/busiq/.rvm/gems/ruby-2.1.0@global/specifications/bundler-1.5.1.gemspec
I, [2014-03-07T13:47:18.338697 #76608]  INFO -- : 0:  rake (10.1.1) from /Users/busiq/.rvm/gems/ruby-2.1.0/specifications/rake-10.1.1.gemspec
I, [2014-03-07T13:47:18.339684 #76608]  INFO -- : 0:  i18n (0.6.9) from /Users/busiq/.rvm/gems/ruby-2.1.0/specifications/i18n-0.6.9.gemspec
I, [2014-03-07T13:47:18.340043 #76608]  INFO -- : 0:  minitest (4.7.5) from /Users/busiq/.rvm/rubies/ruby-2.1.0/lib/ruby/gems/2.1.0/specifications/default/minitest-4.7.5.gemspec
I, [2014-03-07T13:47:18.340414 #76608]  INFO -- : 0:  multi_json (1.9.0) from /Users/busiq/.rvm/gems/ruby-2.1.0/specifications/multi_json-1.9.0.gemspec
I, [2014-03-07T13:47:18.340771 #76608]  INFO -- : 0:  atomic (1.1.15) from /Users/busiq/.rvm/gems/ruby-2.1.0/specifications/atomic-1.1.15.gemspec
I, [2014-03-07T13:47:18.341066 #76608]  INFO -- : 0:  thread_safe (0.2.0) from /Users/busiq/.rvm/gems/ruby-2.1.0/specifications/thread_safe-0.2.0.gemspec
I, [2014-03-07T13:47:18.341350 #76608]  INFO -- : 0:  tzinfo (0.3.38) from /Users/busiq/.rvm/gems/ruby-2.1.0/specifications/tzinfo-0.3.38.gemspec
I, [2014-03-07T13:47:18.341645 #76608]  INFO -- : 0:  activesupport (4.0.3) from /Users/busiq/.rvm/gems/ruby-2.1.0/specifications/activesupport-4.0.3.gemspec
I, [2014-03-07T13:47:18.341927 #76608]  INFO -- : 0:  addressable (2.3.5) from /Users/busiq/.rvm/gems/ruby-2.1.0/specifications/addressable-2.3.5.gemspec
I, [2014-03-07T13:47:18.342212 #76608]  INFO -- : 0:  coderay (1.1.0) from /Users/busiq/.rvm/gems/ruby-2.1.0/specifications/coderay-1.1.0.gemspec
I, [2014-03-07T13:47:18.342494 #76608]  INFO -- : 0:  safe_yaml (0.9.7) from /Users/busiq/.rvm/gems/ruby-2.1.0/specifications/safe_yaml-0.9.7.gemspec
I, [2014-03-07T13:47:18.342791 #76608]  INFO -- : 0:  crack (0.4.1) from /Users/busiq/.rvm/gems/ruby-2.1.0/specifications/crack-0.4.1.gemspec
I, [2014-03-07T13:47:18.343073 #76608]  INFO -- : 0:  diff-lcs (1.2.5) from /Users/busiq/.rvm/gems/ruby-2.1.0/specifications/diff-lcs-1.2.5.gemspec
I, [2014-03-07T13:47:18.343364 #76608]  INFO -- : 0:  jbuilder (2.0.4) from /Users/busiq/.rvm/gems/ruby-2.1.0/specifications/jbuilder-2.0.4.gemspec
I, [2014-03-07T13:47:18.343635 #76608]  INFO -- : 0:  json (1.8.1) from /Users/busiq/.rvm/rubies/ruby-2.1.0/lib/ruby/gems/2.1.0/specifications/default/json-1.8.1.gemspec
I, [2014-03-07T13:47:18.453414 #76608]  INFO -- : 0:  endpoint_base (0.1.1) from /Users/busiq/.rvm/gems/ruby-2.1.0/bundler/gems/endpoint_base-39db55f1e844/endpoint_base.gemspec
I, [2014-03-07T13:47:18.453884 #76608]  INFO -- : 0:  method_source (0.8.2) from /Users/busiq/.rvm/gems/ruby-2.1.0/specifications/method_source-0.8.2.gemspec
I, [2014-03-07T13:47:18.454186 #76608]  INFO -- : 0:  slop (3.4.7) from /Users/busiq/.rvm/gems/ruby-2.1.0/specifications/slop-3.4.7.gemspec
I, [2014-03-07T13:47:18.454481 #76608]  INFO -- : 0:  pry (0.9.12.6) from /Users/busiq/.rvm/gems/ruby-2.1.0/specifications/pry-0.9.12.6.gemspec
I, [2014-03-07T13:47:18.454768 #76608]  INFO -- : 0:  rack (1.5.2) from /Users/busiq/.rvm/gems/ruby-2.1.0/specifications/rack-1.5.2.gemspec
I, [2014-03-07T13:47:18.455061 #76608]  INFO -- : 0:  rack-protection (1.5.2) from /Users/busiq/.rvm/gems/ruby-2.1.0/specifications/rack-protection-1.5.2.gemspec
I, [2014-03-07T13:47:18.455349 #76608]  INFO -- : 0:  rack-test (0.6.2) from /Users/busiq/.rvm/gems/ruby-2.1.0/specifications/rack-test-0.6.2.gemspec
I, [2014-03-07T13:47:18.455640 #76608]  INFO -- : 0:  rspec-core (2.14.8) from /Users/busiq/.rvm/gems/ruby-2.1.0/specifications/rspec-core-2.14.8.gemspec
I, [2014-03-07T13:47:18.455932 #76608]  INFO -- : 0:  rspec-expectations (2.14.5) from /Users/busiq/.rvm/gems/ruby-2.1.0/specifications/rspec-expectations-2.14.5.gemspec
I, [2014-03-07T13:47:18.456233 #76608]  INFO -- : 0:  rspec-mocks (2.14.6) from /Users/busiq/.rvm/gems/ruby-2.1.0/specifications/rspec-mocks-2.14.6.gemspec
I, [2014-03-07T13:47:18.456580 #76608]  INFO -- : 0:  rspec (2.14.1) from /Users/busiq/.rvm/gems/ruby-2.1.0/specifications/rspec-2.14.1.gemspec
I, [2014-03-07T13:47:18.456862 #76608]  INFO -- : 0:  tilt (1.4.1) from /Users/busiq/.rvm/gems/ruby-2.1.0/specifications/tilt-1.4.1.gemspec
I, [2014-03-07T13:47:18.457139 #76608]  INFO -- : 0:  sinatra (1.4.4) from /Users/busiq/.rvm/gems/ruby-2.1.0/specifications/sinatra-1.4.4.gemspec
I, [2014-03-07T13:47:18.457442 #76608]  INFO -- : 0:  tilt-jbuilder (0.5.3) from /Users/busiq/.rvm/gems/ruby-2.1.0/specifications/tilt-jbuilder-0.5.3.gemspec
I, [2014-03-07T13:47:18.457723 #76608]  INFO -- : 0:  vcr (2.8.0) from /Users/busiq/.rvm/gems/ruby-2.1.0/specifications/vcr-2.8.0.gemspec
I, [2014-03-07T13:47:18.457998 #76608]  INFO -- : 0:  webmock (1.17.1) from /Users/busiq/.rvm/gems/ruby-2.1.0/specifications/webmock-1.17.1.gemspec
I, [2014-03-07T13:47:18.458264 #76608]  INFO -- : 0:  bundler (1.5.1) from /Users/busiq/.rvm/gems/ruby-2.1.0@global/specifications/bundler-1.5.1.gemspec
I, [2014-03-10T12:51:19.671382 #44521]  INFO -- : 0:  rake (10.1.1) from /Users/busiq/.rvm/gems/ruby-2.1.0/specifications/rake-10.1.1.gemspec
I, [2014-03-10T12:51:19.672279 #44521]  INFO -- : 0:  i18n (0.6.9) from /Users/busiq/.rvm/gems/ruby-2.1.0/specifications/i18n-0.6.9.gemspec
I, [2014-03-10T12:51:19.672602 #44521]  INFO -- : 0:  minitest (4.7.5) from /Users/busiq/.rvm/rubies/ruby-2.1.0/lib/ruby/gems/2.1.0/specifications/default/minitest-4.7.5.gemspec
I, [2014-03-10T12:51:19.672920 #44521]  INFO -- : 0:  multi_json (1.9.0) from /Users/busiq/.rvm/gems/ruby-2.1.0/specifications/multi_json-1.9.0.gemspec
I, [2014-03-10T12:51:19.673212 #44521]  INFO -- : 0:  atomic (1.1.15) from /Users/busiq/.rvm/gems/ruby-2.1.0/specifications/atomic-1.1.15.gemspec
I, [2014-03-10T12:51:19.673510 #44521]  INFO -- : 0:  thread_safe (0.2.0) from /Users/busiq/.rvm/gems/ruby-2.1.0/specifications/thread_safe-0.2.0.gemspec
I, [2014-03-10T12:51:19.673807 #44521]  INFO -- : 0:  tzinfo (0.3.38) from /Users/busiq/.rvm/gems/ruby-2.1.0/specifications/tzinfo-0.3.38.gemspec
I, [2014-03-10T12:51:19.674105 #44521]  INFO -- : 0:  activesupport (4.0.3) from /Users/busiq/.rvm/gems/ruby-2.1.0/specifications/activesupport-4.0.3.gemspec
I, [2014-03-10T12:51:19.674388 #44521]  INFO -- : 0:  addressable (2.3.5) from /Users/busiq/.rvm/gems/ruby-2.1.0/specifications/addressable-2.3.5.gemspec
I, [2014-03-10T12:51:19.674676 #44521]  INFO -- : 0:  coderay (1.1.0) from /Users/busiq/.rvm/gems/ruby-2.1.0/specifications/coderay-1.1.0.gemspec
I, [2014-03-10T12:51:19.674984 #44521]  INFO -- : 0:  safe_yaml (0.9.7) from /Users/busiq/.rvm/gems/ruby-2.1.0/specifications/safe_yaml-0.9.7.gemspec
I, [2014-03-10T12:51:19.675259 #44521]  INFO -- : 0:  crack (0.4.1) from /Users/busiq/.rvm/gems/ruby-2.1.0/specifications/crack-0.4.1.gemspec
I, [2014-03-10T12:51:19.675547 #44521]  INFO -- : 0:  diff-lcs (1.2.5) from /Users/busiq/.rvm/gems/ruby-2.1.0/specifications/diff-lcs-1.2.5.gemspec
I, [2014-03-10T12:51:19.675843 #44521]  INFO -- : 0:  jbuilder (2.0.4) from /Users/busiq/.rvm/gems/ruby-2.1.0/specifications/jbuilder-2.0.4.gemspec
I, [2014-03-10T12:51:19.676103 #44521]  INFO -- : 0:  json (1.8.1) from /Users/busiq/.rvm/rubies/ruby-2.1.0/lib/ruby/gems/2.1.0/specifications/default/json-1.8.1.gemspec
I, [2014-03-10T12:51:19.752143 #44521]  INFO -- : 0:  endpoint_base (0.1.1) from /Users/busiq/.rvm/gems/ruby-2.1.0/bundler/gems/endpoint_base-39db55f1e844/endpoint_base.gemspec
I, [2014-03-10T12:51:19.752626 #44521]  INFO -- : 0:  multipart-post (1.2.0) from /Users/busiq/.rvm/gems/ruby-2.1.0/specifications/multipart-post-1.2.0.gemspec
I, [2014-03-10T12:51:19.752986 #44521]  INFO -- : 0:  faraday (0.8.9) from /Users/busiq/.rvm/gems/ruby-2.1.0/specifications/faraday-0.8.9.gemspec
I, [2014-03-10T12:51:21.476092 #44521]  INFO -- : 0:  faraday_middleware (0.9.0) from /Users/busiq/.rvm/gems/ruby-2.1.0/specifications/faraday_middleware-0.9.0.gemspec
I, [2014-03-10T12:51:21.476496 #44521]  INFO -- : 0:  hashie (2.0.5) from /Users/busiq/.rvm/gems/ruby-2.1.0/specifications/hashie-2.0.5.gemspec
I, [2014-03-10T12:51:21.476787 #44521]  INFO -- : 0:  method_source (0.8.2) from /Users/busiq/.rvm/gems/ruby-2.1.0/specifications/method_source-0.8.2.gemspec
I, [2014-03-10T12:51:21.477065 #44521]  INFO -- : 0:  slop (3.4.7) from /Users/busiq/.rvm/gems/ruby-2.1.0/specifications/slop-3.4.7.gemspec
I, [2014-03-10T12:51:21.477351 #44521]  INFO -- : 0:  pry (0.9.12.6) from /Users/busiq/.rvm/gems/ruby-2.1.0/specifications/pry-0.9.12.6.gemspec
I, [2014-03-10T12:51:21.477651 #44521]  INFO -- : 0:  rack (1.5.2) from /Users/busiq/.rvm/gems/ruby-2.1.0/specifications/rack-1.5.2.gemspec
I, [2014-03-10T12:51:21.477933 #44521]  INFO -- : 0:  rack-protection (1.5.2) from /Users/busiq/.rvm/gems/ruby-2.1.0/specifications/rack-protection-1.5.2.gemspec
I, [2014-03-10T12:51:21.478207 #44521]  INFO -- : 0:  rack-test (0.6.2) from /Users/busiq/.rvm/gems/ruby-2.1.0/specifications/rack-test-0.6.2.gemspec
I, [2014-03-10T12:51:23.388042 #44521]  INFO -- : 0:  restforce (1.4.3) from /Users/busiq/.rvm/gems/ruby-2.1.0/specifications/restforce-1.4.3.gemspec
I, [2014-03-10T12:51:23.388536 #44521]  INFO -- : 0:  rspec-core (2.14.8) from /Users/busiq/.rvm/gems/ruby-2.1.0/specifications/rspec-core-2.14.8.gemspec
I, [2014-03-10T12:51:23.388888 #44521]  INFO -- : 0:  rspec-expectations (2.14.5) from /Users/busiq/.rvm/gems/ruby-2.1.0/specifications/rspec-expectations-2.14.5.gemspec
I, [2014-03-10T12:51:23.389216 #44521]  INFO -- : 0:  rspec-mocks (2.14.6) from /Users/busiq/.rvm/gems/ruby-2.1.0/specifications/rspec-mocks-2.14.6.gemspec
I, [2014-03-10T12:51:23.389541 #44521]  INFO -- : 0:  rspec (2.14.1) from /Users/busiq/.rvm/gems/ruby-2.1.0/specifications/rspec-2.14.1.gemspec
I, [2014-03-10T12:51:23.390069 #44521]  INFO -- : 0:  tilt (1.4.1) from /Users/busiq/.rvm/gems/ruby-2.1.0/specifications/tilt-1.4.1.gemspec
I, [2014-03-10T12:51:23.390437 #44521]  INFO -- : 0:  sinatra (1.4.4) from /Users/busiq/.rvm/gems/ruby-2.1.0/specifications/sinatra-1.4.4.gemspec
I, [2014-03-10T12:51:23.390791 #44521]  INFO -- : 0:  tilt-jbuilder (0.5.3) from /Users/busiq/.rvm/gems/ruby-2.1.0/specifications/tilt-jbuilder-0.5.3.gemspec
I, [2014-03-10T12:51:23.391140 #44521]  INFO -- : 0:  vcr (2.8.0) from /Users/busiq/.rvm/gems/ruby-2.1.0/specifications/vcr-2.8.0.gemspec
I, [2014-03-10T12:51:23.391480 #44521]  INFO -- : 0:  webmock (1.17.1) from /Users/busiq/.rvm/gems/ruby-2.1.0/specifications/webmock-1.17.1.gemspec
I, [2014-03-10T12:51:23.391820 #44521]  INFO -- : 0:  bundler (1.5.1) from /Users/busiq/.rvm/gems/ruby-2.1.0@global/specifications/bundler-1.5.1.gemspec
